  Player.cpp
C:\Users\Sylwester\source\repos\Sylio\Sylio\Boost.h(23): warning C4305: "=": obcięcie z "double" do "float"
C:\Users\Sylwester\source\repos\Sylio\Sylio\Boost.h(33): warning C4305: "=": obcięcie z "double" do "float"
C:\Users\Sylwester\source\repos\Sylio\Sylio\Boost.h(53): warning C4305: "=": obcięcie z "double" do "float"
C:\Users\Sylwester\source\repos\Sylio\Sylio\Player.h(77): warning C4244: "=": konwersja z "float" do "T", możliwa utrata danych
          with
          [
              T=int
          ]
C:\Users\Sylwester\source\repos\Sylio\Sylio\Player.h(82): warning C4244: "argument": konwersja z "int" do "T", możliwa utrata danych
          with
          [
              T=float
          ]
C:\Users\Sylwester\source\repos\Sylio\Sylio\Player.h(83): warning C4244: "inicjowanie": konwersja z "double" do "float", możliwa utrata danych
C:\Users\Sylwester\source\repos\Sylio\Sylio\Player.h(84): warning C4244: "inicjowanie": konwersja z "double" do "float", możliwa utrata danych
C:\Users\Sylwester\source\repos\Sylio\Sylio\Player.cpp(27): warning C4244: "+=": konwersja z "double" do "T", możliwa utrata danych
          with
          [
              T=float
          ]
C:\Users\Sylwester\source\repos\Sylio\Sylio\Player.cpp(28): warning C4244: "+=": konwersja z "double" do "T", możliwa utrata danych
          with
          [
              T=float
          ]
C:\Users\Sylwester\source\repos\Sylio\Sylio\Player.cpp(31): warning C4244: "inicjowanie": konwersja z "T" do "int", możliwa utrata danych
          with
          [
              T=float
          ]
C:\Users\Sylwester\source\repos\Sylio\Sylio\Player.cpp(51): warning C4244: "argument": konwersja z "float" do "int", możliwa utrata danych
C:\Users\Sylwester\source\repos\Sylio\Sylio\Player.cpp(79): warning C4244: "argument": konwersja z "time_t" do "unsigned int", możliwa utrata danych
C:\Users\Sylwester\source\repos\Sylio\Sylio\Player.cpp(145): warning C4244: "inicjowanie": konwersja z "double" do "int", możliwa utrata danych
C:\Users\Sylwester\source\repos\Sylio\Sylio\Player.cpp(146): warning C4244: "inicjowanie": konwersja z "double" do "int", możliwa utrata danych
C:\Users\Sylwester\source\repos\Sylio\Sylio\Player.cpp(148): warning C4244: "inicjowanie": konwersja z "double" do "int", możliwa utrata danych
C:\Users\Sylwester\source\repos\Sylio\Sylio\Player.cpp(149): warning C4244: "inicjowanie": konwersja z "double" do "int", możliwa utrata danych
C:\Users\Sylwester\source\repos\Sylio\Sylio\Player.cpp(170): warning C4244: "inicjowanie": konwersja z "double" do "int", możliwa utrata danych
C:\Users\Sylwester\source\repos\Sylio\Sylio\Player.cpp(239): warning C4244: "inicjowanie": konwersja z "double" do "float", możliwa utrata danych
C:\Users\Sylwester\source\repos\Sylio\Sylio\Player.cpp(240): warning C4244: "inicjowanie": konwersja z "double" do "float", możliwa utrata danych
C:\Users\Sylwester\source\repos\Sylio\Sylio\Player.cpp(251): warning C4244: "argument": konwersja z "double" do "float", możliwa utrata danych
C:\Users\Sylwester\source\repos\Sylio\Sylio\Player.cpp(252): warning C4244: "argument": konwersja z "double" do "float", możliwa utrata danych
  Trwa generowanie kodu
  6 of 1393 functions ( 0.4%) were compiled, the rest were copied from previous compilation.
    0 functions were new in current compilation
    2 functions had inline decision re-evaluated but remain unchanged
  Zakończono generowanie kodu
  Sylio.vcxproj -> C:\Users\Sylwester\source\repos\Sylio\Release\Sylio.exe
