c:\users\sylwester\source\repos\sylio\sylio\release\vc142.pdb
c:\users\sylwester\source\repos\sylio\sylio\release\slider.nativecodeanalysis.sarif
c:\users\sylwester\source\repos\sylio\sylio\release\slider.nativecodeanalysis.xml
c:\users\sylwester\source\repos\sylio\sylio\release\settings.nativecodeanalysis.sarif
c:\users\sylwester\source\repos\sylio\sylio\release\settings.nativecodeanalysis.xml
c:\users\sylwester\source\repos\sylio\sylio\release\popalert.nativecodeanalysis.sarif
c:\users\sylwester\source\repos\sylio\sylio\release\popalert.nativecodeanalysis.xml
c:\users\sylwester\source\repos\sylio\sylio\release\music.nativecodeanalysis.sarif
c:\users\sylwester\source\repos\sylio\sylio\release\music.nativecodeanalysis.xml
c:\users\sylwester\source\repos\sylio\sylio\release\menu.nativecodeanalysis.sarif
c:\users\sylwester\source\repos\sylio\sylio\release\menu.nativecodeanalysis.xml
c:\users\sylwester\source\repos\sylio\sylio\release\main.nativecodeanalysis.sarif
c:\users\sylwester\source\repos\sylio\sylio\release\main.nativecodeanalysis.xml
c:\users\sylwester\source\repos\sylio\sylio\release\list.nativecodeanalysis.sarif
c:\users\sylwester\source\repos\sylio\sylio\release\list.nativecodeanalysis.xml
c:\users\sylwester\source\repos\sylio\sylio\release\inputtext.nativecodeanalysis.sarif
c:\users\sylwester\source\repos\sylio\sylio\release\inputtext.nativecodeanalysis.xml
c:\users\sylwester\source\repos\sylio\sylio\release\setplayer.nativecodeanalysis.sarif
c:\users\sylwester\source\repos\sylio\sylio\release\setplayer.nativecodeanalysis.xml
c:\users\sylwester\source\repos\sylio\sylio\release\scoreboard.nativecodeanalysis.sarif
c:\users\sylwester\source\repos\sylio\sylio\release\scoreboard.nativecodeanalysis.xml
c:\users\sylwester\source\repos\sylio\sylio\release\rounds.nativecodeanalysis.sarif
c:\users\sylwester\source\repos\sylio\sylio\release\rounds.nativecodeanalysis.xml
c:\users\sylwester\source\repos\sylio\sylio\release\players.nativecodeanalysis.sarif
c:\users\sylwester\source\repos\sylio\sylio\release\players.nativecodeanalysis.xml
c:\users\sylwester\source\repos\sylio\sylio\release\player.nativecodeanalysis.sarif
c:\users\sylwester\source\repos\sylio\sylio\release\player.nativecodeanalysis.xml
c:\users\sylwester\source\repos\sylio\sylio\release\loadingscreen.nativecodeanalysis.sarif
c:\users\sylwester\source\repos\sylio\sylio\release\loadingscreen.nativecodeanalysis.xml
c:\users\sylwester\source\repos\sylio\sylio\release\gameboard.nativecodeanalysis.sarif
c:\users\sylwester\source\repos\sylio\sylio\release\gameboard.nativecodeanalysis.xml
c:\users\sylwester\source\repos\sylio\sylio\release\checkbox.nativecodeanalysis.sarif
c:\users\sylwester\source\repos\sylio\sylio\release\checkbox.nativecodeanalysis.xml
c:\users\sylwester\source\repos\sylio\sylio\release\button.nativecodeanalysis.sarif
c:\users\sylwester\source\repos\sylio\sylio\release\button.nativecodeanalysis.xml
c:\users\sylwester\source\repos\sylio\sylio\release\boostonboard.nativecodeanalysis.sarif
c:\users\sylwester\source\repos\sylio\sylio\release\boostonboard.nativecodeanalysis.xml
c:\users\sylwester\source\repos\sylio\sylio\release\boost.nativecodeanalysis.sarif
c:\users\sylwester\source\repos\sylio\sylio\release\boost.nativecodeanalysis.xml
c:\users\sylwester\source\repos\sylio\sylio\release\background.nativecodeanalysis.sarif
c:\users\sylwester\source\repos\sylio\sylio\release\background.nativecodeanalysis.xml
c:\users\sylwester\source\repos\sylio\sylio\release\background.obj
c:\users\sylwester\source\repos\sylio\sylio\release\boost.obj
c:\users\sylwester\source\repos\sylio\sylio\release\boostonboard.obj
c:\users\sylwester\source\repos\sylio\sylio\release\button.obj
c:\users\sylwester\source\repos\sylio\sylio\release\checkbox.obj
c:\users\sylwester\source\repos\sylio\sylio\release\gameboard.obj
c:\users\sylwester\source\repos\sylio\sylio\release\loadingscreen.obj
c:\users\sylwester\source\repos\sylio\sylio\release\player.obj
c:\users\sylwester\source\repos\sylio\sylio\release\players.obj
c:\users\sylwester\source\repos\sylio\sylio\release\rounds.obj
c:\users\sylwester\source\repos\sylio\sylio\release\scoreboard.obj
c:\users\sylwester\source\repos\sylio\sylio\release\setplayer.obj
c:\users\sylwester\source\repos\sylio\sylio\release\inputtext.obj
c:\users\sylwester\source\repos\sylio\sylio\release\list.obj
c:\users\sylwester\source\repos\sylio\sylio\release\main.obj
c:\users\sylwester\source\repos\sylio\sylio\release\menu.obj
c:\users\sylwester\source\repos\sylio\sylio\release\music.obj
c:\users\sylwester\source\repos\sylio\sylio\release\popalert.obj
c:\users\sylwester\source\repos\sylio\sylio\release\settings.obj
c:\users\sylwester\source\repos\sylio\sylio\release\slider.obj
c:\users\sylwester\source\repos\sylio\sylio\release\trace.nativecodeanalysis.sarif
c:\users\sylwester\source\repos\sylio\sylio\release\trace.nativecodeanalysis.xml
c:\users\sylwester\source\repos\sylio\sylio\release\sounds.nativecodeanalysis.sarif
c:\users\sylwester\source\repos\sylio\sylio\release\sounds.nativecodeanalysis.xml
c:\users\sylwester\source\repos\sylio\sylio\release\sounds.obj
c:\users\sylwester\source\repos\sylio\sylio\release\trace.obj
c:\users\sylwester\source\repos\sylio\release\sylio.exe
c:\users\sylwester\source\repos\sylio\release\sylio.pdb
c:\users\sylwester\source\repos\sylio\release\sylio.ipdb
c:\users\sylwester\source\repos\sylio\release\sylio.iobj
c:\users\sylwester\source\repos\sylio\sylio\release\nativecodeanalysis.read.1.tlog
c:\users\sylwester\source\repos\sylio\sylio\release\vc.nativecodeanalysis.all.xml
c:\users\sylwester\source\repos\sylio\release\sylio.exe.lastcodeanalysissucceeded
c:\users\sylwester\source\repos\sylio\sylio\release\sylio.tlog\cl.command.1.tlog
c:\users\sylwester\source\repos\sylio\sylio\release\sylio.tlog\cl.read.1.tlog
c:\users\sylwester\source\repos\sylio\sylio\release\sylio.tlog\cl.write.1.tlog
c:\users\sylwester\source\repos\sylio\sylio\release\sylio.tlog\link.command.1.tlog
c:\users\sylwester\source\repos\sylio\sylio\release\sylio.tlog\link.read.1.tlog
c:\users\sylwester\source\repos\sylio\sylio\release\sylio.tlog\link.write.1.tlog
c:\users\sylwester\source\repos\sylio\sylio\release\sylio.tlog\sylio.write.1u.tlog
